#
# A fatal error has been detected by the Java Runtime Environment:
#
#  SIGSEGV (0xb) at pc=0x000000016d5e87cc, pid=23019, tid=0x0000000000006003
#
# JRE version: OpenJDK Runtime Environment (Zulu 8.76.0.17-CA-macos-aarch64) (8.0_402-b06) (build 1.8.0_402-b06)
# Java VM: OpenJDK 64-Bit Server VM (25.402-b06 mixed mode bsd-aarch64 compressed oops)
# Problematic frame:
# C  [properties.cpython-312-darwin.so+0x87cc]  __pyx_tp_traverse_6pandas_5_libs_10properties_CachedProperty+0x0
#
# Failed to write core dump. Core dumps have been disabled. To enable core dumping, try "ulimit -c unlimited" before starting Java again
#
# If you would like to submit a bug report, please visit:
#   http://www.azul.com/support/
# The crash happened outside the Java Virtual Machine in native code.
# See problematic frame for where to report the bug.
#

---------------  T H R E A D  ---------------

Current thread (0x000000015bb6f000):  JavaThread "Python Reference Queue" daemon [_thread_in_native, id=24579, stack(0x0000000322d58000,0x0000000322f5b000)]

siginfo: si_signo: 11 (SIGSEGV), si_code: 2 (SEGV_ACCERR), si_addr: 0x000000016d5e87cc

Registers:
 x0=0x000000016d8375c0  x1=0x00000001013fcf94  x2=0x000000016d8375c0  x3=0x0000000000000000
 x4=0x0000000000000000  x5=0x0000610300000000  x6=0x0000000000000001  x7=0x0000000000000000
 x8=0x000000016d5e87cc  x9=0x0000000000000011 x10=0x0000000000000001 x11=0x0000000000000004
x12=0x00000003122622b0 x13=0x0000000000000004 x14=0x0000000000000000 x15=0x0000000140000000
x16=0x00000001012e115c x17=0x000000014a7f8200 x18=0x0000000000000000 x19=0x0000000322f5a810
x20=0x00000001016c6ff0 x21=0x00000001013fcf94 x22=0x000000016d8375b0 x23=0x0000000313e19e40
x24=0x0000000000000002 x25=0x00000001016c6ff0 x26=0x00000001016c6ff0 x27=0x0000000000000000
x28=0x000000015bb6f000  fp=0x0000000322f5a790  lr=0x00000001013fcec4  sp=0x0000000322f5a760
pc=0x000000016d5e87cc cpsr=0x0000000020001000
Top of Stack: (sp=0x0000000322f5a760)
0x0000000322f5a760:   0000000000000002 0000000313e19e40
0x0000000322f5a770:   00000001016c6f38 0000000000000000
0x0000000322f5a780:   00000001016c6f68 0000000000000003
0x0000000322f5a790:   0000000322f5a880 00000001013fa6e8
0x0000000322f5a7a0:   0000000322f5a7f0 00000001012d0880
0x0000000322f5a7b0:   000000031f077ba0 0000000322f5ae30
0x0000000322f5a7c0:   0000000022f5a998 0000000000000000
0x0000000322f5a7d0:   0000000000000000 0000000322f5a898
0x0000000322f5a7e0:   0000000322f5a890 0000000000000002
0x0000000322f5a7f0:   000000014a7f9430 00000001016c6f38
0x0000000322f5a800:   000000010148e588 0000000000000002
0x0000000322f5a810:   000000010148e636 0000000000000000
0x0000000322f5a820:   000000010148e640 0000000000000000
0x0000000322f5a830:   000000015bb6f000 0000000000000000
0x0000000322f5a840:   000000031f077ba0 0000000322f5ae30
0x0000000322f5a850:   0000000322f5a998 0000000313e19e40
0x0000000322f5a860:   0000000000000000 00000001016c6f38
0x0000000322f5a870:   000000014a7f9430 0000000000000002
0x0000000322f5a880:   0000000322f5a8c0 00000001013fa5c0
0x0000000322f5a890:   0000000322f5a8b0 ee3c0001013d3e74
0x0000000322f5a8a0:   0000000000000000 00000001016c6f38
0x0000000322f5a8b0:   000000014a7f9430 0000000313e18a30
0x0000000322f5a8c0:   0000000322f5a8f0 00000001013fa520
0x0000000322f5a8d0:   0000000000000000 000000031378c140
0x0000000322f5a8e0:   0000000322f5a940 0000000313e18a30
0x0000000322f5a8f0:   0000000322f5a920 000000031238d208
0x0000000322f5a900:   0000000000000000 0000000000000001
0x0000000322f5a910:   0000000322f5a940 0000000313e18a30
0x0000000322f5a920:   0000000322f5a930 00000003123997c8
0x0000000322f5a930:   0000000322f5a980 0000000313e1d228
0x0000000322f5a940:   0000000322f5a940 0000000000000000
0x0000000322f5a950:   0000000322f5a998 000000031f077ba0 

Instructions: (pc=0x000000016d5e87cc)
0x000000016d5e87ac:   